Python 3.12.12
Using device: cuda
Epoch [1] Step [50/157] Loss: 0.5732
Epoch [1] Step [100/157] Loss: 0.4791
Epoch [1] Step [150/157] Loss: 0.6076
Train Epoch 1: Loss=0.6155, Acc=66.33%
Val Epoch 1: Loss=0.5853, Acc=71.14%
Saved checkpoint to /projects/448302/ckpts/best_model.pth
Epoch [2] Step [50/157] Loss: 0.5434
Epoch [2] Step [100/157] Loss: 0.4233
Epoch [2] Step [150/157] Loss: 0.4777
Train Epoch 2: Loss=0.4927, Acc=76.66%
Val Epoch 2: Loss=0.4809, Acc=76.76%
Saved checkpoint to /projects/448302/ckpts/best_model.pth
Epoch [3] Step [50/157] Loss: 0.5140
Epoch [3] Step [100/157] Loss: 0.4438
Epoch [3] Step [150/157] Loss: 0.3433
Train Epoch 3: Loss=0.4123, Acc=80.75%
Val Epoch 3: Loss=1.1866, Acc=59.64%
Epoch [4] Step [50/157] Loss: 0.2145
Epoch [4] Step [100/157] Loss: 0.3228
Epoch [4] Step [150/157] Loss: 0.2878
Train Epoch 4: Loss=0.3349, Acc=85.48%
Val Epoch 4: Loss=0.5516, Acc=75.90%
Epoch [5] Step [50/157] Loss: 0.2552
Epoch [5] Step [100/157] Loss: 0.2428
Epoch [5] Step [150/157] Loss: 0.2740
Train Epoch 5: Loss=0.2729, Acc=88.53%
Val Epoch 5: Loss=0.2723, Acc=88.84%
Saved checkpoint to /projects/448302/ckpts/best_model.pth
Epoch [6] Step [50/157] Loss: 0.2305
Epoch [6] Step [100/157] Loss: 0.3065
Epoch [6] Step [150/157] Loss: 0.2126
Train Epoch 6: Loss=0.2155, Acc=90.98%
Val Epoch 6: Loss=0.3907, Acc=84.86%
Epoch [7] Step [50/157] Loss: 0.1885
Epoch [7] Step [100/157] Loss: 0.0912
Epoch [7] Step [150/157] Loss: 0.1699
Train Epoch 7: Loss=0.1827, Acc=92.63%
Val Epoch 7: Loss=0.3058, Acc=87.50%
Epoch [8] Step [50/157] Loss: 0.1462
Epoch [8] Step [100/157] Loss: 0.0946
Epoch [8] Step [150/157] Loss: 0.0917
Train Epoch 8: Loss=0.1548, Acc=93.84%
Val Epoch 8: Loss=0.2014, Acc=91.86%
Saved checkpoint to /projects/448302/ckpts/best_model.pth
Epoch [9] Step [50/157] Loss: 0.0742
Epoch [9] Step [100/157] Loss: 0.1295
Epoch [9] Step [150/157] Loss: 0.0748
Train Epoch 9: Loss=0.1383, Acc=94.50%
Val Epoch 9: Loss=0.4403, Acc=86.84%
Epoch [10] Step [50/157] Loss: 0.1341
Epoch [10] Step [100/157] Loss: 0.0607
Epoch [10] Step [150/157] Loss: 0.0860
Train Epoch 10: Loss=0.1154, Acc=95.36%
Val Epoch 10: Loss=0.4414, Acc=86.96%
Epoch [11] Step [50/157] Loss: 0.0592
Epoch [11] Step [100/157] Loss: 0.1133
Epoch [11] Step [150/157] Loss: 0.0940
Train Epoch 11: Loss=0.1051, Acc=95.83%
Val Epoch 11: Loss=0.6333, Acc=83.26%
Epoch [12] Step [50/157] Loss: 0.0267
Epoch [12] Step [100/157] Loss: 0.0987
Epoch [12] Step [150/157] Loss: 0.1163
Train Epoch 12: Loss=0.0958, Acc=96.21%
Val Epoch 12: Loss=0.3014, Acc=90.30%
Epoch [13] Step [50/157] Loss: 0.1295
Epoch [13] Step [100/157] Loss: 0.0846
Epoch [13] Step [150/157] Loss: 0.1275
Train Epoch 13: Loss=0.0884, Acc=96.64%
Val Epoch 13: Loss=0.3877, Acc=88.22%
Epoch [14] Step [50/157] Loss: 0.0665
Epoch [14] Step [100/157] Loss: 0.0307
Epoch [14] Step [150/157] Loss: 0.1391
Train Epoch 14: Loss=0.0776, Acc=96.92%
Val Epoch 14: Loss=0.2883, Acc=90.86%
Epoch [15] Step [50/157] Loss: 0.0531
Epoch [15] Step [100/157] Loss: 0.0321
Epoch [15] Step [150/157] Loss: 0.0874
Train Epoch 15: Loss=0.0701, Acc=97.33%
Val Epoch 15: Loss=0.1691, Acc=93.86%
Saved checkpoint to /projects/448302/ckpts/best_model.pth
Epoch [16] Step [50/157] Loss: 0.1199
Epoch [16] Step [100/157] Loss: 0.1160
Epoch [16] Step [150/157] Loss: 0.0906
Train Epoch 16: Loss=0.0639, Acc=97.63%
Val Epoch 16: Loss=0.3500, Acc=89.18%
Epoch [17] Step [50/157] Loss: 0.0551
Epoch [17] Step [100/157] Loss: 0.0603
Epoch [17] Step [150/157] Loss: 0.0611
Train Epoch 17: Loss=0.0570, Acc=97.75%
Val Epoch 17: Loss=0.2305, Acc=91.70%
Epoch [18] Step [50/157] Loss: 0.0644
Epoch [18] Step [100/157] Loss: 0.0457
Epoch [18] Step [150/157] Loss: 0.0698
Train Epoch 18: Loss=0.0547, Acc=97.88%
Val Epoch 18: Loss=0.2900, Acc=91.56%
Epoch [19] Step [50/157] Loss: 0.0959
Epoch [19] Step [100/157] Loss: 0.0507
Epoch [19] Step [150/157] Loss: 0.0585
Train Epoch 19: Loss=0.0598, Acc=97.75%
srun: Job step aborted: Waiting up to 32 seconds for job step to finish.
slurmstepd-gpu-6000ada-3: error: *** JOB 12226 ON gpu-6000ada-3 CANCELLED AT 2025-11-08T12:53:54 ***
slurmstepd-gpu-6000ada-3: error: *** STEP 12226.0 ON gpu-6000ada-3 CANCELLED AT 2025-11-08T12:53:54 ***
